2026-04-25 13:33:25,942 INFO main:22 Application starts up...
2026-04-25 13:33:25,942 INFO database:46 Connecting to the database...
2026-04-25 13:34:44,438 INFO main:22 Application starts up...
2026-04-25 13:34:44,438 INFO database:46 Connecting to the database...
2026-04-25 13:35:04,329 INFO routers.pantry_record_router:16 Fetching all pantry records
2026-04-25 13:35:04,338 INFO routers.pantry_record_router:19 Retrieved 0 pantry records
2026-04-25 13:35:13,274 INFO routers.pantry_record_router:16 Fetching all pantry records
2026-04-25 13:35:13,275 INFO routers.stock_router:16 Fetching all stock items
2026-04-25 13:35:13,275 INFO routers.pantry_record_router:19 Retrieved 0 pantry records
2026-04-25 13:35:13,276 INFO routers.pantry_record_router:16 Fetching all pantry records
2026-04-25 13:35:13,277 INFO routers.stock_router:18 Retrieved 3 stock items
2026-04-25 13:35:13,278 INFO routers.pantry_record_router:19 Retrieved 0 pantry records
2026-04-25 13:35:13,279 INFO routers.stock_router:16 Fetching all stock items
2026-04-25 13:35:13,280 INFO routers.stock_router:18 Retrieved 3 stock items
2026-04-25 13:35:29,336 INFO routers.pantry_record_router:16 Fetching all pantry records
2026-04-25 13:35:29,338 INFO routers.pantry_record_router:19 Retrieved 0 pantry records
2026-04-25 13:37:58,075 INFO routers.pantry_record_router:16 Fetching all pantry records
2026-04-25 13:37:58,082 INFO routers.pantry_record_router:19 Retrieved 0 pantry records
2026-04-25 13:39:36,471 INFO routers.pantry_record_router:16 Fetching all pantry records
2026-04-25 13:39:36,473 INFO routers.pantry_record_router:19 Retrieved 0 pantry records
2026-04-25 13:39:56,916 INFO routers.pantry_record_router:16 Fetching all pantry records
2026-04-25 13:39:56,917 INFO routers.pantry_record_router:19 Retrieved 0 pantry records
2026-04-25 13:40:11,915 INFO routers.pantry_record_router:16 Fetching all pantry records
2026-04-25 13:40:11,916 INFO routers.pantry_record_router:19 Retrieved 0 pantry records
2026-04-25 13:40:14,805 INFO routers.pantry_record_router:34 Attempting to create new pantry record
2026-04-25 13:40:14,813 INFO routers.pantry_record_router:41 Pantry record created successfully with id=69ed0a8ee4aca747bbdba1a3
2026-04-25 13:40:50,746 INFO routers.pantry_record_router:34 Attempting to create new pantry record
2026-04-25 13:40:50,748 INFO routers.pantry_record_router:41 Pantry record created successfully with id=69ed0ab2e4aca747bbdba1a4
2026-04-25 13:41:04,512 INFO routers.pantry_record_router:99 Attempting to delete pantry record id=f4ca59bb41bb41ad962bdb754ff9bb2c
2026-04-25 13:41:04,517 INFO routers.pantry_record_router:107 Pantry record deleted successfully id=f4ca59bb41bb41ad962bdb754ff9bb2c
2026-04-25 13:41:05,191 INFO routers.pantry_record_router:99 Attempting to delete pantry record id=b9622cc1312940ee89c20aec27037a83
2026-04-25 13:41:05,193 INFO routers.pantry_record_router:107 Pantry record deleted successfully id=b9622cc1312940ee89c20aec27037a83
2026-04-25 13:41:21,717 INFO routers.pantry_record_router:16 Fetching all pantry records
2026-04-25 13:41:21,719 INFO routers.pantry_record_router:19 Retrieved 0 pantry records
2026-04-25 13:41:35,304 INFO routers.pantry_record_router:16 Fetching all pantry records
2026-04-25 13:41:35,306 INFO routers.pantry_record_router:19 Retrieved 0 pantry records
2026-04-25 13:45:10,262 INFO main:22 Application starts up...
2026-04-25 13:45:10,262 INFO database:46 Connecting to the database...
2026-04-25 13:45:12,621 INFO routers.pantry_record_router:16 Fetching all pantry records
2026-04-25 13:45:12,672 INFO routers.pantry_record_router:19 Retrieved 0 pantry records
2026-04-25 13:45:21,916 INFO main:22 Application starts up...
2026-04-25 13:45:21,917 INFO database:46 Connecting to the database...
2026-04-25 13:45:30,504 INFO routers.pantry_record_router:16 Fetching all pantry records
2026-04-25 13:45:30,507 INFO routers.pantry_record_router:19 Retrieved 0 pantry records
2026-04-25 13:45:42,594 INFO main:22 Application starts up...
2026-04-25 13:45:42,594 INFO database:46 Connecting to the database...
2026-04-25 13:45:48,197 INFO main:22 Application starts up...
2026-04-25 13:45:48,197 INFO database:46 Connecting to the database...
2026-04-25 13:45:48,240 INFO routers.pantry_record_router:16 Fetching all pantry records
2026-04-25 13:45:48,242 INFO routers.pantry_record_router:19 Retrieved 0 pantry records
2026-04-25 13:46:08,964 INFO main:22 Application starts up...
2026-04-25 13:46:08,964 INFO database:46 Connecting to the database...
2026-04-25 13:46:15,844 INFO main:22 Application starts up...
2026-04-25 13:46:15,845 INFO database:46 Connecting to the database...
2026-04-25 13:46:24,845 INFO routers.pantry_record_router:16 Fetching all pantry records
2026-04-25 13:46:24,850 INFO routers.pantry_record_router:19 Retrieved 0 pantry records
2026-04-25 14:20:15,528 INFO routers.auth_router:26 User [hi@gmail.com] is signing up.
2026-04-25 14:20:15,800 INFO routers.auth_router:38 	 User [hi@gmail.com] is created.
2026-04-25 14:20:50,748 INFO routers.auth_router:46 User [hi@gmail.com] is signing in the system.
2026-04-25 14:20:50,996 INFO routers.auth_router:56 	User [hi@gmail.com] signed in
2026-04-25 14:20:51,747 INFO routers.auth_router:46 User [hi@gmail.com] is signing in the system.
2026-04-25 14:20:51,993 INFO routers.auth_router:56 	User [hi@gmail.com] signed in
2026-04-25 14:20:52,832 INFO routers.auth_router:46 User [hi@gmail.com] is signing in the system.
2026-04-25 14:20:53,071 INFO routers.auth_router:56 	User [hi@gmail.com] signed in
2026-04-25 14:21:20,198 INFO main:22 Application starts up...
2026-04-25 14:21:20,199 INFO database:46 Connecting to the database...
2026-04-25 14:21:33,271 INFO routers.auth_router:46 User [hi@gmail.com] is signing in the system.
2026-04-25 14:21:33,523 INFO routers.auth_router:56 	User [hi@gmail.com] signed in
2026-04-25 14:21:33,560 INFO routers.pantry_record_router:16 Fetching all pantry records
2026-04-25 14:21:33,566 INFO routers.pantry_record_router:19 Retrieved 0 pantry records
2026-04-25 14:49:43,182 INFO routers.auth_router:26 User [hi2@gmail.com] is signing up.
2026-04-25 14:49:43,433 INFO routers.auth_router:38 	 User [hi2@gmail.com] is created.
2026-04-25 14:50:29,304 INFO main:22 Application starts up...
2026-04-25 14:50:29,304 INFO database:46 Connecting to the database...
2026-04-25 14:50:33,530 INFO main:22 Application starts up...
2026-04-25 14:50:33,530 INFO database:46 Connecting to the database...
2026-04-26 11:52:00,317 INFO main:22 Application starts up...
2026-04-26 11:52:00,318 INFO database:46 Connecting to the database...
2026-04-26 11:52:05,725 INFO main:22 Application starts up...
2026-04-26 11:52:05,725 INFO database:46 Connecting to the database...
2026-04-26 12:02:40,249 INFO main:22 Application starts up...
2026-04-26 12:02:40,249 INFO database:46 Connecting to the database...
2026-04-26 12:03:11,612 INFO main:22 Application starts up...
2026-04-26 12:03:11,613 INFO database:46 Connecting to the database...
2026-04-26 12:07:28,395 INFO main:22 Application starts up...
2026-04-26 12:07:28,395 INFO database:46 Connecting to the database...
2026-04-26 12:08:24,943 INFO main:22 Application starts up...
2026-04-26 12:08:24,943 INFO database:46 Connecting to the database...
2026-04-26 12:08:28,488 INFO main:22 Application starts up...
2026-04-26 12:08:28,488 INFO database:46 Connecting to the database...
2026-04-26 12:12:24,479 INFO main:22 Application starts up...
2026-04-26 12:12:24,479 INFO database:46 Connecting to the database...
2026-04-26 12:16:02,236 INFO main:22 Application starts up...
2026-04-26 12:16:02,236 INFO database:46 Connecting to the database...
2026-04-26 12:16:19,072 INFO main:22 Application starts up...
2026-04-26 12:16:19,072 INFO database:46 Connecting to the database...
2026-04-26 12:16:35,174 INFO main:22 Application starts up...
2026-04-26 12:16:35,174 INFO database:46 Connecting to the database...
2026-04-26 12:19:11,985 INFO main:22 Application starts up...
2026-04-26 12:19:11,986 INFO database:46 Connecting to the database...
2026-04-26 12:19:32,784 INFO routers.auth_router:46 User [hi@gmail.com] is signing in the system.
2026-04-26 12:20:16,200 INFO main:22 Application starts up...
2026-04-26 12:20:16,201 INFO database:46 Connecting to the database...
2026-04-26 12:20:23,888 INFO routers.auth_router:46 User [hi@gmail.com] is signing in the system.
2026-04-26 12:20:24,135 INFO routers.auth_router:56 	User [hi@gmail.com] signed in
2026-04-26 12:20:24,204 INFO routers.pantry_record_router:16 Fetching all pantry records
2026-04-26 12:20:24,210 INFO routers.pantry_record_router:19 Retrieved 0 pantry records
2026-04-26 12:24:36,471 INFO main:22 Application starts up...
2026-04-26 12:24:36,471 INFO database:46 Connecting to the database...
2026-04-26 12:24:44,026 INFO routers.auth_router:26 User [jason@gmail.com] is signing up.
2026-04-26 12:24:44,259 INFO routers.auth_router:38 	 User [jason@gmail.com] is created.
2026-04-26 12:24:44,304 INFO routers.pantry_record_router:16 Fetching all pantry records
2026-04-26 12:24:44,307 INFO routers.pantry_record_router:19 Retrieved 0 pantry records
